<?xml version="1.0" encoding="UTF-8"?>
<!-- Generated by org.testng.reporters.JUnitReportReporter -->
<testsuite skipped="0" hostname="ADMIN-PC" name="Maven.TestNG" tests="3" failures="0" timestamp="28 Jun 2018 03:01:38 GMT" time="0.005" errors="0">
  <testcase name="testcase1" time="0.003" classname="Maven.TestNG"/>
  <testcase name="testcase2" time="0.000" classname="Maven.TestNG"/>
  <testcase name="testcase3" time="0.002" classname="Maven.TestNG"/>
</testsuite> <!-- Maven.TestNG -->
